---------------------------------------------------------------
[ 2019-01-21T10:28:33+08:00 ] 127.0.0.1 GET cbd/
[ error ] [8]unserialize(): Error at offset 0 of 9 bytes
---------------------------------------------------------------
[ 2019-01-21T10:28:40+08:00 ] 127.0.0.1 HEAD cbd/api/demo
[ error ] [8]unserialize(): Error at offset 0 of 9 bytes
---------------------------------------------------------------
[ 2019-01-21T10:28:47+08:00 ] 127.0.0.1 GET cbd/api/demo/
[ error ] [8]unserialize(): Error at offset 0 of 9 bytes
---------------------------------------------------------------
[ 2019-01-21T10:29:19+08:00 ] 127.0.0.1 HEAD cbd/api/demo/test
[ error ] [8]unserialize(): Error at offset 0 of 9 bytes
---------------------------------------------------------------
[ 2019-01-21T10:29:26+08:00 ] 127.0.0.1 GET cbd/api/demo/test/
[ error ] [8]unserialize(): Error at offset 0 of 9 bytes
---------------------------------------------------------------
[ 2019-01-21T10:29:34+08:00 ] 127.0.0.1 GET cbd/
[ error ] [8]unserialize(): Error at offset 0 of 9 bytes
---------------------------------------------------------------
[ 2019-01-21T10:30:31+08:00 ] 127.0.0.1 GET cbd/
[ error ] [8]unserialize(): Error at offset 0 of 9 bytes
---------------------------------------------------------------
[ 2019-01-21T10:31:13+08:00 ] 127.0.0.1 HEAD cbd/api/demo/test3
[ error ] [8]unserialize(): Error at offset 0 of 9 bytes
---------------------------------------------------------------
[ 2019-01-21T10:31:19+08:00 ] 127.0.0.1 GET cbd/api/demo/test3/
[ error ] [8]unserialize(): Error at offset 0 of 9 bytes
---------------------------------------------------------------
[ 2019-01-21T10:31:21+08:00 ] 127.0.0.1 GET cbd/api/demo/test3/
[ error ] [8]unserialize(): Error at offset 0 of 9 bytes
---------------------------------------------------------------
[ 2019-01-21T10:31:22+08:00 ] 127.0.0.1 GET cbd/api/demo/test3/
[ error ] [8]unserialize(): Error at offset 0 of 9 bytes
---------------------------------------------------------------
[ 2019-01-21T10:31:22+08:00 ] 127.0.0.1 GET cbd/api/demo/test3/
[ error ] [8]unserialize(): Error at offset 0 of 9 bytes
---------------------------------------------------------------
[ 2019-01-21T10:31:25+08:00 ] 127.0.0.1 HEAD cbd/
[ error ] [8]unserialize(): Error at offset 0 of 9 bytes
---------------------------------------------------------------
[ 2019-01-21T10:35:26+08:00 ] 127.0.0.1 GET cbd/
[运行时间：0.109000s] [吞吐率：9.17req/s] [内存消耗：2,402.81kb] [文件加载：66]
[ info ] [ BEHAVIOR ] Run Closure @app_init [ RunTime:0.000000s ]
[ info ] [ CACHE ] INIT File
[ info ] [ BEHAVIOR ] Run Closure @app_init [ RunTime:0.002000s ]
[ info ] [ LANG ] H:\dev\cbd\sell-platform-back\thinkphp\lang\zh-cn.php
[ info ] [ ROUTE ] array (
  'type' => 'module',
  'module' => 
  array (
    0 => '',
    1 => NULL,
    2 => NULL,
  ),
)
[ info ] [ HEADER ] array (
  'accept-language' => 'zh-CN,zh;q=0.9',
  'accept-encoding' => 'gzip, deflate',
  'accept' => 'text/html,application/xhtml+xml,application/xml;q=0.9,image/webp,image/apng,*/*;q=0.8',
  'user-agent' => 'Mozilla/5.0 (Windows NT 6.1; Win64; x64) AppleWebKit/537.36 (KHTML, like Gecko) Chrome/71.0.3578.98 Safari/537.36',
  'upgrade-insecure-requests' => '1',
  'connection' => 'close',
  'host' => 'cbd',
)
[ info ] [ PARAM ] array (
)
[ info ] [ LANG ] H:\dev\cbd\sell-platform-back\public/../application/index\lang\zh-cn.php
[ info ] [ BEHAVIOR ] Run app\common\behavior\Common @module_init [ RunTime:0.011000s ]
[ info ] [ LANG ] H:\dev\cbd\sell-platform-back\public/../application/index/lang/zh-cn/index.php
[ info ] [ RUN ] app\index\controller\Index->index[ H:\dev\cbd\sell-platform-back\application\index\controller\Index.php ]
[ info ] [ VIEW ] H:\dev\cbd\sell-platform-back\public/../application/index\view\index\index.html [ array (
  0 => 'user',
  1 => 'site',
  2 => 'config',
) ]
[ info ] [ LOG ] INIT File
---------------------------------------------------------------
[ 2019-01-21T10:36:14+08:00 ] 127.0.0.1 GET cbd/api/demo/test1
[运行时间：0.043000s] [吞吐率：23.26req/s] [内存消耗：2,017.95kb] [文件加载：59]
[ info ] [ BEHAVIOR ] Run Closure @app_init [ RunTime:0.000000s ]
[ info ] [ CACHE ] INIT File
[ info ] [ BEHAVIOR ] Run Closure @app_init [ RunTime:0.001000s ]
[ info ] [ LANG ] H:\dev\cbd\sell-platform-back\thinkphp\lang\zh-cn.php
[ info ] [ ROUTE ] array (
  'type' => 'module',
  'module' => 
  array (
    0 => 'api',
    1 => 'demo',
    2 => 'test1',
  ),
)
[ info ] [ HEADER ] array (
  'cookie' => 'Hm_lvt_f8d0a8c400404989e195270b0bbf060a=1548038127; Hm_lpvt_f8d0a8c400404989e195270b0bbf060a=1548038127',
  'accept-language' => 'zh-CN,zh;q=0.9',
  'accept-encoding' => 'gzip, deflate',
  'accept' => 'text/html,application/xhtml+xml,application/xml;q=0.9,image/webp,image/apng,*/*;q=0.8',
  'user-agent' => 'Mozilla/5.0 (Windows NT 6.1; Win64; x64) AppleWebKit/537.36 (KHTML, like Gecko) Chrome/71.0.3578.98 Safari/537.36',
  'upgrade-insecure-requests' => '1',
  'cache-control' => 'max-age=0',
  'connection' => 'close',
  'host' => 'cbd',
)
[ info ] [ PARAM ] array (
)
[ info ] [ LANG ] H:\dev\cbd\sell-platform-back\public/../application/api\lang\zh-cn.php
[ info ] [ BEHAVIOR ] Run app\common\behavior\Common @module_init [ RunTime:0.003000s ]
[ info ] [ RUN ] app\api\controller\Demo->test1[ H:\dev\cbd\sell-platform-back\application\api\controller\Demo.php ]
[ info ] [ LOG ] INIT File
---------------------------------------------------------------
[ 2019-01-21T11:06:42+08:00 ] 127.0.0.1 GET cbd/
[运行时间：0.030000s] [吞吐率：33.33req/s] [内存消耗：2,265.58kb] [文件加载：64]
[ info ] [ BEHAVIOR ] Run Closure @app_init [ RunTime:0.000000s ]
[ info ] [ CACHE ] INIT File
[ info ] [ BEHAVIOR ] Run Closure @app_init [ RunTime:0.001000s ]
[ info ] [ LANG ] H:\dev\cbd\sell-platform-back\thinkphp\lang\zh-cn.php
[ info ] [ ROUTE ] array (
  'type' => 'module',
  'module' => 
  array (
    0 => '',
    1 => NULL,
    2 => NULL,
  ),
)
[ info ] [ HEADER ] array (
  'cookie' => 'Hm_lvt_f8d0a8c400404989e195270b0bbf060a=1548038127; Hm_lpvt_f8d0a8c400404989e195270b0bbf060a=1548038127',
  'accept-language' => 'zh-CN,zh;q=0.9',
  'accept-encoding' => 'gzip, deflate',
  'accept' => 'text/html,application/xhtml+xml,application/xml;q=0.9,image/webp,image/apng,*/*;q=0.8',
  'user-agent' => 'Mozilla/5.0 (Windows NT 6.1; Win64; x64) AppleWebKit/537.36 (KHTML, like Gecko) Chrome/71.0.3578.98 Safari/537.36',
  'upgrade-insecure-requests' => '1',
  'purpose' => 'prefetch',
  'connection' => 'close',
  'host' => 'cbd',
)
[ info ] [ PARAM ] array (
)
[ info ] [ LANG ] H:\dev\cbd\sell-platform-back\public/../application/index\lang\zh-cn.php
[ info ] [ BEHAVIOR ] Run app\common\behavior\Common @module_init [ RunTime:0.002000s ]
[ info ] [ LANG ] H:\dev\cbd\sell-platform-back\public/../application/index/lang/zh-cn/index.php
[ info ] [ RUN ] app\index\controller\Index->index[ H:\dev\cbd\sell-platform-back\application\index\controller\Index.php ]
[ info ] [ VIEW ] H:\dev\cbd\sell-platform-back\public/../application/index\view\index\index.html [ array (
  0 => 'user',
  1 => 'site',
  2 => 'config',
) ]
[ info ] [ LOG ] INIT File
---------------------------------------------------------------
[ 2019-01-21T11:06:47+08:00 ] 127.0.0.1 GET cbd/
[运行时间：0.044000s] [吞吐率：22.73req/s] [内存消耗：2,265.60kb] [文件加载：64]
[ info ] [ BEHAVIOR ] Run Closure @app_init [ RunTime:0.000000s ]
[ info ] [ CACHE ] INIT File
[ info ] [ BEHAVIOR ] Run Closure @app_init [ RunTime:0.002000s ]
[ info ] [ LANG ] H:\dev\cbd\sell-platform-back\thinkphp\lang\zh-cn.php
[ info ] [ ROUTE ] array (
  'type' => 'module',
  'module' => 
  array (
    0 => '',
    1 => NULL,
    2 => NULL,
  ),
)
[ info ] [ HEADER ] array (
  'cookie' => 'Hm_lvt_f8d0a8c400404989e195270b0bbf060a=1548038127; Hm_lpvt_f8d0a8c400404989e195270b0bbf060a=1548040004',
  'accept-language' => 'zh-CN,zh;q=0.9',
  'accept-encoding' => 'gzip, deflate',
  'accept' => 'text/html,application/xhtml+xml,application/xml;q=0.9,image/webp,image/apng,*/*;q=0.8',
  'user-agent' => 'Mozilla/5.0 (Windows NT 6.1; Win64; x64) AppleWebKit/537.36 (KHTML, like Gecko) Chrome/71.0.3578.98 Safari/537.36',
  'upgrade-insecure-requests' => '1',
  'cache-control' => 'max-age=0',
  'connection' => 'close',
  'host' => 'cbd',
)
[ info ] [ PARAM ] array (
)
[ info ] [ LANG ] H:\dev\cbd\sell-platform-back\public/../application/index\lang\zh-cn.php
[ info ] [ BEHAVIOR ] Run app\common\behavior\Common @module_init [ RunTime:0.002000s ]
[ info ] [ LANG ] H:\dev\cbd\sell-platform-back\public/../application/index/lang/zh-cn/index.php
[ info ] [ RUN ] app\index\controller\Index->index[ H:\dev\cbd\sell-platform-back\application\index\controller\Index.php ]
[ info ] [ VIEW ] H:\dev\cbd\sell-platform-back\public/../application/index\view\index\index.html [ array (
  0 => 'user',
  1 => 'site',
  2 => 'config',
) ]
[ info ] [ LOG ] INIT File
---------------------------------------------------------------
[ 2019-01-21T11:06:47+08:00 ] 127.0.0.1 GET cbd/
[运行时间：0.055000s] [吞吐率：18.18req/s] [内存消耗：2,265.60kb] [文件加载：64]
[ info ] [ BEHAVIOR ] Run Closure @app_init [ RunTime:0.000000s ]
[ info ] [ CACHE ] INIT File
[ info ] [ BEHAVIOR ] Run Closure @app_init [ RunTime:0.004000s ]
[ info ] [ LANG ] H:\dev\cbd\sell-platform-back\thinkphp\lang\zh-cn.php
[ info ] [ ROUTE ] array (
  'type' => 'module',
  'module' => 
  array (
    0 => '',
    1 => NULL,
    2 => NULL,
  ),
)
[ info ] [ HEADER ] array (
  'cookie' => 'Hm_lvt_f8d0a8c400404989e195270b0bbf060a=1548038127; Hm_lpvt_f8d0a8c400404989e195270b0bbf060a=1548040007',
  'accept-language' => 'zh-CN,zh;q=0.9',
  'accept-encoding' => 'gzip, deflate',
  'accept' => 'text/html,application/xhtml+xml,application/xml;q=0.9,image/webp,image/apng,*/*;q=0.8',
  'user-agent' => 'Mozilla/5.0 (Windows NT 6.1; Win64; x64) AppleWebKit/537.36 (KHTML, like Gecko) Chrome/71.0.3578.98 Safari/537.36',
  'upgrade-insecure-requests' => '1',
  'cache-control' => 'max-age=0',
  'connection' => 'close',
  'host' => 'cbd',
)
[ info ] [ PARAM ] array (
)
[ info ] [ LANG ] H:\dev\cbd\sell-platform-back\public/../application/index\lang\zh-cn.php
[ info ] [ BEHAVIOR ] Run app\common\behavior\Common @module_init [ RunTime:0.001000s ]
[ info ] [ LANG ] H:\dev\cbd\sell-platform-back\public/../application/index/lang/zh-cn/index.php
[ info ] [ RUN ] app\index\controller\Index->index[ H:\dev\cbd\sell-platform-back\application\index\controller\Index.php ]
[ info ] [ VIEW ] H:\dev\cbd\sell-platform-back\public/../application/index\view\index\index.html [ array (
  0 => 'user',
  1 => 'site',
  2 => 'config',
) ]
[ info ] [ LOG ] INIT File
